[debug] [2026-04-05T15:49:47.019Z] ----------------------------------------------------------------------
[debug] [2026-04-05T15:49:47.020Z] Command:       C:\nvm4w\nodejs\node.exe C:\nvm4w\nodejs\node_modules\firebase-tools\lib\bin\firebase.js deploy --only functions
[debug] [2026-04-05T15:49:47.021Z] CLI Version:   15.10.1
[debug] [2026-04-05T15:49:47.021Z] Platform:      win32
[debug] [2026-04-05T15:49:47.021Z] Node Version:  v22.14.0
[debug] [2026-04-05T15:49:47.021Z] Time:          Sun Apr 05 2026 12:49:47 GMT-0300 (hora estándar de Argentina)
[debug] [2026-04-05T15:49:47.021Z] ----------------------------------------------------------------------
[debug] 
[debug] [2026-04-05T15:49:48.025Z] > command requires scopes: ["email","openid","https://www.googleapis.com/auth/cloudplatformprojects.readonly","https://www.googleapis.com/auth/firebase","https://www.googleapis.com/auth/cloud-platform"]
[debug] [2026-04-05T15:49:48.025Z] > authorizing via signed-in user (bournotsantino03@gmail.com)
[debug] [2026-04-05T15:49:48.025Z] [iam] checking project dellauti-5413f for permissions ["cloudfunctions.functions.create","cloudfunctions.functions.delete","cloudfunctions.functions.get","cloudfunctions.functions.list","cloudfunctions.functions.update","cloudfunctions.operations.get","firebase.projects.get"]
[debug] [2026-04-05T15:49:48.026Z] Checked if tokens are valid: true, expires at: 1775405188290
[debug] [2026-04-05T15:49:48.026Z] Checked if tokens are valid: true, expires at: 1775405188290
[debug] [2026-04-05T15:49:48.027Z] >>> [apiv2][query] POST https://cloudresourcemanager.googleapis.com/v1/projects/dellauti-5413f:testIamPermissions [none]
[debug] [2026-04-05T15:49:48.027Z] >>> [apiv2][(partial)header] POST https://cloudresourcemanager.googleapis.com/v1/projects/dellauti-5413f:testIamPermissions  x-goog-user-project=dellauti-5413f
[debug] [2026-04-05T15:49:48.027Z] >>> [apiv2][body] POST https://cloudresourcemanager.googleapis.com/v1/projects/dellauti-5413f:testIamPermissions {"permissions":["cloudfunctions.functions.create","cloudfunctions.functions.delete","cloudfunctions.functions.get","cloudfunctions.functions.list","cloudfunctions.functions.update","cloudfunctions.operations.get","firebase.projects.get"]}
[debug] [2026-04-05T15:49:48.978Z] <<< [apiv2][status] POST https://cloudresourcemanager.googleapis.com/v1/projects/dellauti-5413f:testIamPermissions 200
[debug] [2026-04-05T15:49:48.978Z] <<< [apiv2][body] POST https://cloudresourcemanager.googleapis.com/v1/projects/dellauti-5413f:testIamPermissions {"permissions":["cloudfunctions.functions.create","cloudfunctions.functions.delete","cloudfunctions.functions.get","cloudfunctions.functions.list","cloudfunctions.functions.update","cloudfunctions.operations.get","firebase.projects.get"]}
[debug] [2026-04-05T15:49:48.978Z] Checked if tokens are valid: true, expires at: 1775405188290
[debug] [2026-04-05T15:49:48.978Z] Checked if tokens are valid: true, expires at: 1775405188290
[debug] [2026-04-05T15:49:48.978Z] >>> [apiv2][query] POST https://iam.googleapis.com/v1/projects/dellauti-5413f/serviceAccounts/dellauti-5413f@appspot.gserviceaccount.com:testIamPermissions [none]
[debug] [2026-04-05T15:49:48.978Z] >>> [apiv2][body] POST https://iam.googleapis.com/v1/projects/dellauti-5413f/serviceAccounts/dellauti-5413f@appspot.gserviceaccount.com:testIamPermissions {"permissions":["iam.serviceAccounts.actAs"]}
[debug] [2026-04-05T15:49:49.967Z] <<< [apiv2][status] POST https://iam.googleapis.com/v1/projects/dellauti-5413f/serviceAccounts/dellauti-5413f@appspot.gserviceaccount.com:testIamPermissions 200
[debug] [2026-04-05T15:49:49.967Z] <<< [apiv2][body] POST https://iam.googleapis.com/v1/projects/dellauti-5413f/serviceAccounts/dellauti-5413f@appspot.gserviceaccount.com:testIamPermissions {"permissions":["iam.serviceAccounts.actAs"]}
[info] 
[info] === Deploying to 'dellauti-5413f'...
[info] 
[info] i  deploying functions 
[info] Running command: npm --prefix "$RESOURCE_DIR" run lint
[info] +  functions: Finished running predeploy script. 
[debug] [2026-04-05T15:49:50.453Z] Checked if tokens are valid: true, expires at: 1775405188290
[debug] [2026-04-05T15:49:50.453Z] Checked if tokens are valid: true, expires at: 1775405188290
[debug] [2026-04-05T15:49:50.453Z] >>> [apiv2][query] GET https://serviceusage.googleapis.com/v1/projects/dellauti-5413f/services/cloudresourcemanager.googleapis.com [none]
[debug] [2026-04-05T15:49:50.453Z] >>> [apiv2][(partial)header] GET https://serviceusage.googleapis.com/v1/projects/dellauti-5413f/services/cloudresourcemanager.googleapis.com  x-goog-user-project=dellauti-5413f
[debug] [2026-04-05T15:49:51.549Z] <<< [apiv2][status] GET https://serviceusage.googleapis.com/v1/projects/dellauti-5413f/services/cloudresourcemanager.googleapis.com 200
[debug] [2026-04-05T15:49:51.549Z] <<< [apiv2][body] GET https://serviceusage.googleapis.com/v1/projects/dellauti-5413f/services/cloudresourcemanager.googleapis.com [omitted]
[debug] [2026-04-05T15:49:51.552Z] Checked if tokens are valid: true, expires at: 1775405188290
[debug] [2026-04-05T15:49:51.552Z] Checked if tokens are valid: true, expires at: 1775405188290
[debug] [2026-04-05T15:49:51.552Z] >>> [apiv2][query] GET https://cloudresourcemanager.googleapis.com/v1/projects/dellauti-5413f [none]
[debug] [2026-04-05T15:49:51.785Z] <<< [apiv2][status] GET https://cloudresourcemanager.googleapis.com/v1/projects/dellauti-5413f 200
[debug] [2026-04-05T15:49:51.785Z] <<< [apiv2][body] GET https://cloudresourcemanager.googleapis.com/v1/projects/dellauti-5413f {"projectNumber":"974528720387","projectId":"dellauti-5413f","lifecycleState":"ACTIVE","name":"DelLauti","labels":{"firebase":"enabled"},"createTime":"2024-08-09T13:09:55.307771Z"}
[info] i  functions: preparing codebase default for deployment 
[info] i  functions: ensuring required API cloudfunctions.googleapis.com is enabled... 
[info] i  functions: ensuring required API cloudbuild.googleapis.com is enabled... 
[debug] [2026-04-05T15:49:51.786Z] Checked if tokens are valid: true, expires at: 1775405188290
[debug] [2026-04-05T15:49:51.787Z] Checked if tokens are valid: true, expires at: 1775405188290
[info] i  artifactregistry: ensuring required API artifactregistry.googleapis.com is enabled... 
[debug] [2026-04-05T15:49:51.787Z] Checked if tokens are valid: true, expires at: 1775405188290
[debug] [2026-04-05T15:49:51.787Z] Checked if tokens are valid: true, expires at: 1775405188290
[debug] [2026-04-05T15:49:51.787Z] >>> [apiv2][query] GET https://serviceusage.googleapis.com/v1/projects/dellauti-5413f/services/cloudbuild.googleapis.com [none]
[debug] [2026-04-05T15:49:51.787Z] >>> [apiv2][(partial)header] GET https://serviceusage.googleapis.com/v1/projects/dellauti-5413f/services/cloudbuild.googleapis.com  x-goog-user-project=dellauti-5413f
[debug] [2026-04-05T15:49:51.787Z] >>> [apiv2][query] GET https://serviceusage.googleapis.com/v1/projects/dellauti-5413f/services/artifactregistry.googleapis.com [none]
[debug] [2026-04-05T15:49:51.787Z] >>> [apiv2][(partial)header] GET https://serviceusage.googleapis.com/v1/projects/dellauti-5413f/services/artifactregistry.googleapis.com  x-goog-user-project=dellauti-5413f
[debug] [2026-04-05T15:49:52.148Z] <<< [apiv2][status] GET https://serviceusage.googleapis.com/v1/projects/dellauti-5413f/services/cloudbuild.googleapis.com 200
[debug] [2026-04-05T15:49:52.148Z] <<< [apiv2][body] GET https://serviceusage.googleapis.com/v1/projects/dellauti-5413f/services/cloudbuild.googleapis.com [omitted]
[warn] !  functions: missing required API cloudbuild.googleapis.com. Enabling now... 
[debug] [2026-04-05T15:49:52.149Z] Checked if tokens are valid: true, expires at: 1775405188290
[debug] [2026-04-05T15:49:52.149Z] Checked if tokens are valid: true, expires at: 1775405188290
[debug] [2026-04-05T15:49:52.149Z] >>> [apiv2][query] POST https://serviceusage.googleapis.com/v1/projects/dellauti-5413f/services/cloudbuild.googleapis.com:enable [none]
[debug] [2026-04-05T15:49:52.149Z] >>> [apiv2][(partial)header] POST https://serviceusage.googleapis.com/v1/projects/dellauti-5413f/services/cloudbuild.googleapis.com:enable  x-goog-user-project=dellauti-5413f
[debug] [2026-04-05T15:49:52.879Z] <<< [apiv2][status] GET https://serviceusage.googleapis.com/v1/projects/dellauti-5413f/services/artifactregistry.googleapis.com 200
[debug] [2026-04-05T15:49:52.879Z] <<< [apiv2][body] GET https://serviceusage.googleapis.com/v1/projects/dellauti-5413f/services/artifactregistry.googleapis.com [omitted]
[warn] !  artifactregistry: missing required API artifactregistry.googleapis.com. Enabling now... 
[debug] [2026-04-05T15:49:52.880Z] Checked if tokens are valid: true, expires at: 1775405188290
[debug] [2026-04-05T15:49:52.880Z] Checked if tokens are valid: true, expires at: 1775405188290
[debug] [2026-04-05T15:49:52.880Z] >>> [apiv2][query] POST https://serviceusage.googleapis.com/v1/projects/dellauti-5413f/services/artifactregistry.googleapis.com:enable [none]
[debug] [2026-04-05T15:49:52.880Z] >>> [apiv2][(partial)header] POST https://serviceusage.googleapis.com/v1/projects/dellauti-5413f/services/artifactregistry.googleapis.com:enable  x-goog-user-project=dellauti-5413f
[debug] [2026-04-05T15:49:53.379Z] <<< [apiv2][status] POST https://serviceusage.googleapis.com/v1/projects/dellauti-5413f/services/cloudbuild.googleapis.com:enable 200
[debug] [2026-04-05T15:49:53.379Z] <<< [apiv2][body] POST https://serviceusage.googleapis.com/v1/projects/dellauti-5413f/services/cloudbuild.googleapis.com:enable [omitted]
[debug] [2026-04-05T15:49:54.179Z] <<< [apiv2][status] POST https://serviceusage.googleapis.com/v1/projects/dellauti-5413f/services/artifactregistry.googleapis.com:enable 200
[debug] [2026-04-05T15:49:54.179Z] <<< [apiv2][body] POST https://serviceusage.googleapis.com/v1/projects/dellauti-5413f/services/artifactregistry.googleapis.com:enable [omitted]
[debug] [2026-04-05T15:50:04.194Z] Checked if tokens are valid: true, expires at: 1775405188290
[debug] [2026-04-05T15:50:04.195Z] Checked if tokens are valid: true, expires at: 1775405188290
[debug] [2026-04-05T15:50:04.195Z] >>> [apiv2][query] GET https://firebase.googleapis.com/v1beta1/projects/dellauti-5413f/adminSdkConfig [none]
[debug] [2026-04-05T15:50:04.865Z] <<< [apiv2][status] GET https://firebase.googleapis.com/v1beta1/projects/dellauti-5413f/adminSdkConfig 200
[debug] [2026-04-05T15:50:04.865Z] <<< [apiv2][body] GET https://firebase.googleapis.com/v1beta1/projects/dellauti-5413f/adminSdkConfig {"projectId":"dellauti-5413f","storageBucket":"dellauti-5413f.appspot.com","locationId":"southamerica-east1"}
[debug] [2026-04-05T15:50:04.866Z] Checked if tokens are valid: true, expires at: 1775405188290
[debug] [2026-04-05T15:50:04.866Z] Checked if tokens are valid: true, expires at: 1775405188290
[debug] [2026-04-05T15:50:04.866Z] >>> [apiv2][query] GET https://runtimeconfig.googleapis.com/v1beta1/projects/dellauti-5413f/configs [none]
[debug] [2026-04-05T15:50:05.951Z] <<< [apiv2][status] GET https://runtimeconfig.googleapis.com/v1beta1/projects/dellauti-5413f/configs 200
[debug] [2026-04-05T15:50:05.951Z] <<< [apiv2][body] GET https://runtimeconfig.googleapis.com/v1beta1/projects/dellauti-5413f/configs {}
[debug] [2026-04-05T15:50:05.952Z] Validating nodejs source
[warn] !  functions: Runtime Node.js 20 will be deprecated on 2026-04-30 and will be decommissioned on 2026-10-30, after which you will not be able to deploy without upgrading. Consider upgrading now to avoid disruption. See https://cloud.google.com/functions/docs/runtime-support for full details on the lifecycle policy 
[warn] !  functions: package.json indicates an outdated version of firebase-functions. Please upgrade using npm install --save firebase-functions@latest in your functions directory. 
[warn] !  functions: Please note that there will be breaking changes when you upgrade. 
[debug] [2026-04-05T15:50:06.488Z] > [functions] package.json contents: {
  "name": "dellauti-functions",
  "private": true,
  "engines": {
    "node": "20"
  },
  "main": "index.js",
  "scripts": {
    "lint": "eslint .",
    "serve": "firebase emulators:start --only functions",
    "deploy": "firebase deploy --only functions",
    "logs": "firebase functions:log"
  },
  "dependencies": {
    "firebase-admin": "^12.1.0",
    "firebase-functions": "^5.0.1"
  },
  "devDependencies": {
    "eslint": "^8.57.0",
    "eslint-config-google": "^0.14.0"
  }
}
[debug] [2026-04-05T15:50:06.488Z] Building nodejs source
[info] i  functions: Loading and analyzing source code for codebase default to determine what to deploy 
[debug] [2026-04-05T15:50:06.489Z] Could not find functions.yaml. Must use http discovery
[debug] [2026-04-05T15:50:06.495Z] Found firebase-functions binary at 'C:\GIT\DelLauti\functions\node_modules\.bin\firebase-functions'
[info] Serving at port 8207

[debug] [2026-04-05T15:50:07.852Z] Got response from /__/functions.yaml {"endpoints":{"sendAdminPushOnShiftBooked":{"availableMemoryMb":null,"timeoutSeconds":null,"minInstances":null,"maxInstances":10,"ingressSettings":null,"concurrency":null,"serviceAccountEmail":null,"vpc":null,"platform":"gcfv2","region":["southamerica-east1"],"labels":{},"eventTrigger":{"eventType":"google.cloud.firestore.document.v1.created","eventFilters":{"database":"(default)","namespace":"(default)"},"eventFilterPathPatterns":{"document":"adminNotifications/{notificationId}"},"retry":false},"entryPoint":"sendAdminPushOnShiftBooked"}},"specVersion":"v1alpha1","requiredAPIs":[],"extensions":{}}
[info] i  extensions: ensuring required API firebaseextensions.googleapis.com is enabled... 
[debug] [2026-04-05T15:50:11.882Z] Checked if tokens are valid: true, expires at: 1775405188290
[debug] [2026-04-05T15:50:11.882Z] Checked if tokens are valid: true, expires at: 1775405188290
[debug] [2026-04-05T15:50:11.882Z] >>> [apiv2][query] GET https://serviceusage.googleapis.com/v1/projects/dellauti-5413f/services/firebaseextensions.googleapis.com [none]
[debug] [2026-04-05T15:50:11.882Z] >>> [apiv2][(partial)header] GET https://serviceusage.googleapis.com/v1/projects/dellauti-5413f/services/firebaseextensions.googleapis.com  x-goog-user-project=dellauti-5413f
[debug] [2026-04-05T15:50:13.359Z] <<< [apiv2][status] GET https://serviceusage.googleapis.com/v1/projects/dellauti-5413f/services/firebaseextensions.googleapis.com 200
[debug] [2026-04-05T15:50:13.359Z] <<< [apiv2][body] GET https://serviceusage.googleapis.com/v1/projects/dellauti-5413f/services/firebaseextensions.googleapis.com [omitted]
[warn] !  extensions: missing required API firebaseextensions.googleapis.com. Enabling now... 
[debug] [2026-04-05T15:50:13.360Z] Checked if tokens are valid: true, expires at: 1775405188290
[debug] [2026-04-05T15:50:13.360Z] Checked if tokens are valid: true, expires at: 1775405188290
[debug] [2026-04-05T15:50:13.360Z] >>> [apiv2][query] POST https://serviceusage.googleapis.com/v1/projects/dellauti-5413f/services/firebaseextensions.googleapis.com:enable [none]
[debug] [2026-04-05T15:50:13.360Z] >>> [apiv2][(partial)header] POST https://serviceusage.googleapis.com/v1/projects/dellauti-5413f/services/firebaseextensions.googleapis.com:enable  x-goog-user-project=dellauti-5413f
[debug] [2026-04-05T15:50:13.979Z] <<< [apiv2][status] POST https://serviceusage.googleapis.com/v1/projects/dellauti-5413f/services/firebaseextensions.googleapis.com:enable 200
[debug] [2026-04-05T15:50:13.979Z] <<< [apiv2][body] POST https://serviceusage.googleapis.com/v1/projects/dellauti-5413f/services/firebaseextensions.googleapis.com:enable [omitted]
[debug] [2026-04-05T15:50:23.996Z] > command requires scopes: ["email","openid","https://www.googleapis.com/auth/cloudplatformprojects.readonly","https://www.googleapis.com/auth/firebase","https://www.googleapis.com/auth/cloud-platform"]
[debug] [2026-04-05T15:50:23.996Z] > authorizing via signed-in user (bournotsantino03@gmail.com)
[debug] [2026-04-05T15:50:23.996Z] [iam] checking project dellauti-5413f for permissions ["firebase.projects.get","firebaseextensions.instances.list"]
[debug] [2026-04-05T15:50:23.996Z] Checked if tokens are valid: true, expires at: 1775405188290
[debug] [2026-04-05T15:50:23.996Z] Checked if tokens are valid: true, expires at: 1775405188290
[debug] [2026-04-05T15:50:23.997Z] >>> [apiv2][query] POST https://cloudresourcemanager.googleapis.com/v1/projects/dellauti-5413f:testIamPermissions [none]
[debug] [2026-04-05T15:50:23.997Z] >>> [apiv2][(partial)header] POST https://cloudresourcemanager.googleapis.com/v1/projects/dellauti-5413f:testIamPermissions  x-goog-user-project=dellauti-5413f
[debug] [2026-04-05T15:50:23.997Z] >>> [apiv2][body] POST https://cloudresourcemanager.googleapis.com/v1/projects/dellauti-5413f:testIamPermissions {"permissions":["firebase.projects.get","firebaseextensions.instances.list"]}
[debug] [2026-04-05T15:50:24.882Z] <<< [apiv2][status] POST https://cloudresourcemanager.googleapis.com/v1/projects/dellauti-5413f:testIamPermissions 200
[debug] [2026-04-05T15:50:24.883Z] <<< [apiv2][body] POST https://cloudresourcemanager.googleapis.com/v1/projects/dellauti-5413f:testIamPermissions {"permissions":["firebase.projects.get","firebaseextensions.instances.list"]}
[debug] [2026-04-05T15:50:24.883Z] Checked if tokens are valid: true, expires at: 1775405188290
[debug] [2026-04-05T15:50:24.883Z] Checked if tokens are valid: true, expires at: 1775405188290
[debug] [2026-04-05T15:50:24.883Z] >>> [apiv2][query] GET https://firebaseextensions.googleapis.com/v1beta/projects/dellauti-5413f/instances pageSize=100&pageToken=
[debug] [2026-04-05T15:50:27.456Z] <<< [apiv2][status] GET https://firebaseextensions.googleapis.com/v1beta/projects/dellauti-5413f/instances 200
[debug] [2026-04-05T15:50:27.456Z] <<< [apiv2][body] GET https://firebaseextensions.googleapis.com/v1beta/projects/dellauti-5413f/instances {}
[info] i  functions: preparing functions directory for uploading... 
[info] i  functions: packaged C:\GIT\DelLauti\functions (42.93 KB) for uploading 
[debug] [2026-04-05T15:50:27.483Z] Checked if tokens are valid: true, expires at: 1775405188290
[debug] [2026-04-05T15:50:27.483Z] Checked if tokens are valid: true, expires at: 1775405188290
[debug] [2026-04-05T15:50:27.483Z] >>> [apiv2][query] GET https://cloudfunctions.googleapis.com/v1/projects/dellauti-5413f/locations/-/functions [none]
[debug] [2026-04-05T15:50:28.520Z] <<< [apiv2][status] GET https://cloudfunctions.googleapis.com/v1/projects/dellauti-5413f/locations/-/functions 200
[debug] [2026-04-05T15:50:28.521Z] <<< [apiv2][body] GET https://cloudfunctions.googleapis.com/v1/projects/dellauti-5413f/locations/-/functions {}
[debug] [2026-04-05T15:50:28.521Z] Checked if tokens are valid: true, expires at: 1775405188290
[debug] [2026-04-05T15:50:28.521Z] Checked if tokens are valid: true, expires at: 1775405188290
[debug] [2026-04-05T15:50:28.521Z] >>> [apiv2][query] GET https://cloudfunctions.googleapis.com/v2/projects/dellauti-5413f/locations/-/functions filter=environment%3D%22GEN_2%22
[debug] [2026-04-05T15:50:30.063Z] <<< [apiv2][status] GET https://cloudfunctions.googleapis.com/v2/projects/dellauti-5413f/locations/-/functions 200
[debug] [2026-04-05T15:50:30.063Z] <<< [apiv2][body] GET https://cloudfunctions.googleapis.com/v2/projects/dellauti-5413f/locations/-/functions {}
[debug] [2026-04-05T15:50:30.064Z] Checked if tokens are valid: true, expires at: 1775405188290
[debug] [2026-04-05T15:50:30.064Z] Checked if tokens are valid: true, expires at: 1775405188290
[debug] [2026-04-05T15:50:30.064Z] >>> [apiv2][query] GET https://firestore.googleapis.com/v1/projects/dellauti-5413f/databases/(default) [none]
[debug] [2026-04-05T15:50:30.531Z] <<< [apiv2][status] GET https://firestore.googleapis.com/v1/projects/dellauti-5413f/databases/(default) 200
[debug] [2026-04-05T15:50:30.531Z] <<< [apiv2][body] GET https://firestore.googleapis.com/v1/projects/dellauti-5413f/databases/(default) {"name":"projects/dellauti-5413f/databases/(default)","uid":"14557b2b-3abb-405b-823e-07fa06d386c4","createTime":"2024-08-13T17:37:57.150164Z","updateTime":"2024-08-13T17:37:57.150164Z","locationId":"southamerica-east1","type":"FIRESTORE_NATIVE","concurrencyMode":"PESSIMISTIC","versionRetentionPeriod":"3600s","earliestVersionTime":"2026-04-05T14:50:30.218676Z","appEngineIntegrationMode":"DISABLED","keyPrefix":"i","pointInTimeRecoveryEnablement":"POINT_IN_TIME_RECOVERY_DISABLED","deleteProtectionState":"DELETE_PROTECTION_DISABLED","databaseEdition":"STANDARD","freeTier":true,"realtimeUpdatesMode":"REALTIME_UPDATES_MODE_ENABLED","etag":"IL2h5pOI15MDMPXSn7Wk15ID"}
[info] i  functions: ensuring required API run.googleapis.com is enabled... 
[debug] [2026-04-05T15:50:30.533Z] Checked if tokens are valid: true, expires at: 1775405188290
[debug] [2026-04-05T15:50:30.533Z] Checked if tokens are valid: true, expires at: 1775405188290
[info] i  functions: ensuring required API eventarc.googleapis.com is enabled... 
[debug] [2026-04-05T15:50:30.533Z] Checked if tokens are valid: true, expires at: 1775405188290
[debug] [2026-04-05T15:50:30.533Z] Checked if tokens are valid: true, expires at: 1775405188290
[info] i  functions: ensuring required API pubsub.googleapis.com is enabled... 
[debug] [2026-04-05T15:50:30.534Z] Checked if tokens are valid: true, expires at: 1775405188290
[debug] [2026-04-05T15:50:30.534Z] Checked if tokens are valid: true, expires at: 1775405188290
[info] i  functions: ensuring required API storage.googleapis.com is enabled... 
[debug] [2026-04-05T15:50:30.534Z] Checked if tokens are valid: true, expires at: 1775405188290
[debug] [2026-04-05T15:50:30.534Z] Checked if tokens are valid: true, expires at: 1775405188290
[debug] [2026-04-05T15:50:30.534Z] >>> [apiv2][query] GET https://serviceusage.googleapis.com/v1/projects/974528720387/services/run.googleapis.com [none]
[debug] [2026-04-05T15:50:30.534Z] >>> [apiv2][(partial)header] GET https://serviceusage.googleapis.com/v1/projects/974528720387/services/run.googleapis.com  x-goog-user-project=974528720387
[debug] [2026-04-05T15:50:30.535Z] >>> [apiv2][query] GET https://serviceusage.googleapis.com/v1/projects/974528720387/services/eventarc.googleapis.com [none]
[debug] [2026-04-05T15:50:30.535Z] >>> [apiv2][(partial)header] GET https://serviceusage.googleapis.com/v1/projects/974528720387/services/eventarc.googleapis.com  x-goog-user-project=974528720387
[debug] [2026-04-05T15:50:30.536Z] >>> [apiv2][query] GET https://serviceusage.googleapis.com/v1/projects/974528720387/services/pubsub.googleapis.com [none]
[debug] [2026-04-05T15:50:30.536Z] >>> [apiv2][(partial)header] GET https://serviceusage.googleapis.com/v1/projects/974528720387/services/pubsub.googleapis.com  x-goog-user-project=974528720387
[debug] [2026-04-05T15:50:30.538Z] >>> [apiv2][query] GET https://serviceusage.googleapis.com/v1/projects/974528720387/services/storage.googleapis.com [none]
[debug] [2026-04-05T15:50:30.538Z] >>> [apiv2][(partial)header] GET https://serviceusage.googleapis.com/v1/projects/974528720387/services/storage.googleapis.com  x-goog-user-project=974528720387
[debug] [2026-04-05T15:50:31.553Z] <<< [apiv2][status] GET https://serviceusage.googleapis.com/v1/projects/974528720387/services/eventarc.googleapis.com 200
[debug] [2026-04-05T15:50:31.554Z] <<< [apiv2][body] GET https://serviceusage.googleapis.com/v1/projects/974528720387/services/eventarc.googleapis.com [omitted]
[warn] !  functions: missing required API eventarc.googleapis.com. Enabling now... 
[debug] [2026-04-05T15:50:31.554Z] Checked if tokens are valid: true, expires at: 1775405188290
[debug] [2026-04-05T15:50:31.554Z] Checked if tokens are valid: true, expires at: 1775405188290
[debug] [2026-04-05T15:50:31.554Z] >>> [apiv2][query] POST https://serviceusage.googleapis.com/v1/projects/974528720387/services/eventarc.googleapis.com:enable [none]
[debug] [2026-04-05T15:50:31.554Z] >>> [apiv2][(partial)header] POST https://serviceusage.googleapis.com/v1/projects/974528720387/services/eventarc.googleapis.com:enable  x-goog-user-project=974528720387
[debug] [2026-04-05T15:50:31.582Z] <<< [apiv2][status] GET https://serviceusage.googleapis.com/v1/projects/974528720387/services/pubsub.googleapis.com 200
[debug] [2026-04-05T15:50:31.582Z] <<< [apiv2][body] GET https://serviceusage.googleapis.com/v1/projects/974528720387/services/pubsub.googleapis.com [omitted]
[info] +  functions: required API pubsub.googleapis.com is enabled 
[debug] [2026-04-05T15:50:31.588Z] <<< [apiv2][status] GET https://serviceusage.googleapis.com/v1/projects/974528720387/services/run.googleapis.com 200
[debug] [2026-04-05T15:50:31.588Z] <<< [apiv2][body] GET https://serviceusage.googleapis.com/v1/projects/974528720387/services/run.googleapis.com [omitted]
[warn] !  functions: missing required API run.googleapis.com. Enabling now... 
[debug] [2026-04-05T15:50:31.589Z] Checked if tokens are valid: true, expires at: 1775405188290
[debug] [2026-04-05T15:50:31.589Z] Checked if tokens are valid: true, expires at: 1775405188290
[debug] [2026-04-05T15:50:31.589Z] >>> [apiv2][query] POST https://serviceusage.googleapis.com/v1/projects/974528720387/services/run.googleapis.com:enable [none]
[debug] [2026-04-05T15:50:31.589Z] >>> [apiv2][(partial)header] POST https://serviceusage.googleapis.com/v1/projects/974528720387/services/run.googleapis.com:enable  x-goog-user-project=974528720387
[debug] [2026-04-05T15:50:31.591Z] <<< [apiv2][status] GET https://serviceusage.googleapis.com/v1/projects/974528720387/services/storage.googleapis.com 200
[debug] [2026-04-05T15:50:31.591Z] <<< [apiv2][body] GET https://serviceusage.googleapis.com/v1/projects/974528720387/services/storage.googleapis.com [omitted]
[info] +  functions: required API storage.googleapis.com is enabled 
[debug] [2026-04-05T15:50:32.373Z] <<< [apiv2][status] POST https://serviceusage.googleapis.com/v1/projects/974528720387/services/run.googleapis.com:enable 200
[debug] [2026-04-05T15:50:32.373Z] <<< [apiv2][body] POST https://serviceusage.googleapis.com/v1/projects/974528720387/services/run.googleapis.com:enable [omitted]
[debug] [2026-04-05T15:50:32.769Z] <<< [apiv2][status] POST https://serviceusage.googleapis.com/v1/projects/974528720387/services/eventarc.googleapis.com:enable 200
[debug] [2026-04-05T15:50:32.770Z] <<< [apiv2][body] POST https://serviceusage.googleapis.com/v1/projects/974528720387/services/eventarc.googleapis.com:enable [omitted]
[info] i  functions: generating the service identity for pubsub.googleapis.com... 
[debug] [2026-04-05T15:50:42.779Z] Checked if tokens are valid: true, expires at: 1775405188290
[debug] [2026-04-05T15:50:42.779Z] Checked if tokens are valid: true, expires at: 1775405188290
[info] i  functions: generating the service identity for eventarc.googleapis.com... 
[debug] [2026-04-05T15:50:42.779Z] Checked if tokens are valid: true, expires at: 1775405188290
[debug] [2026-04-05T15:50:42.779Z] Checked if tokens are valid: true, expires at: 1775405188290
[debug] [2026-04-05T15:50:42.779Z] >>> [apiv2][query] POST https://serviceusage.googleapis.com/v1beta1/projects/974528720387/services/pubsub.googleapis.com:generateServiceIdentity [none]
[debug] [2026-04-05T15:50:42.779Z] >>> [apiv2][(partial)header] POST https://serviceusage.googleapis.com/v1beta1/projects/974528720387/services/pubsub.googleapis.com:generateServiceIdentity  x-goog-user-project=974528720387
[debug] [2026-04-05T15:50:42.779Z] >>> [apiv2][body] POST https://serviceusage.googleapis.com/v1beta1/projects/974528720387/services/pubsub.googleapis.com:generateServiceIdentity {}
[debug] [2026-04-05T15:50:42.781Z] >>> [apiv2][query] POST https://serviceusage.googleapis.com/v1beta1/projects/974528720387/services/eventarc.googleapis.com:generateServiceIdentity [none]
[debug] [2026-04-05T15:50:42.781Z] >>> [apiv2][(partial)header] POST https://serviceusage.googleapis.com/v1beta1/projects/974528720387/services/eventarc.googleapis.com:generateServiceIdentity  x-goog-user-project=974528720387
[debug] [2026-04-05T15:50:42.781Z] >>> [apiv2][body] POST https://serviceusage.googleapis.com/v1beta1/projects/974528720387/services/eventarc.googleapis.com:generateServiceIdentity {}
[debug] [2026-04-05T15:50:44.236Z] <<< [apiv2][status] POST https://serviceusage.googleapis.com/v1beta1/projects/974528720387/services/eventarc.googleapis.com:generateServiceIdentity 200
[debug] [2026-04-05T15:50:44.236Z] <<< [apiv2][body] POST https://serviceusage.googleapis.com/v1beta1/projects/974528720387/services/eventarc.googleapis.com:generateServiceIdentity {"name":"operations/finished.DONE_OPERATION","done":true,"response":{"@type":"type.googleapis.com/google.api.serviceusage.v1beta1.ServiceIdentity","email":"service-974528720387@gcp-sa-eventarc.iam.gserviceaccount.com","uniqueId":"112694596604404279668"}}
[debug] [2026-04-05T15:50:44.369Z] <<< [apiv2][status] POST https://serviceusage.googleapis.com/v1beta1/projects/974528720387/services/pubsub.googleapis.com:generateServiceIdentity 200
[debug] [2026-04-05T15:50:44.369Z] <<< [apiv2][body] POST https://serviceusage.googleapis.com/v1beta1/projects/974528720387/services/pubsub.googleapis.com:generateServiceIdentity {"name":"operations/finished.DONE_OPERATION","done":true,"response":{"@type":"type.googleapis.com/google.api.serviceusage.v1beta1.ServiceIdentity","email":"service-974528720387@gcp-sa-pubsub.iam.gserviceaccount.com","uniqueId":"117612881293124328282"}}
[debug] [2026-04-05T15:50:44.370Z] Checked if tokens are valid: true, expires at: 1775405188290
[debug] [2026-04-05T15:50:44.371Z] Checked if tokens are valid: true, expires at: 1775405188290
[debug] [2026-04-05T15:50:44.371Z] >>> [apiv2][query] GET https://compute.googleapis.com/compute/v1/projects/974528720387 [none]
[debug] [2026-04-05T15:50:44.726Z] <<< [apiv2][status] GET https://compute.googleapis.com/compute/v1/projects/974528720387 403
[debug] [2026-04-05T15:50:44.726Z] <<< [apiv2][body] GET https://compute.googleapis.com/compute/v1/projects/974528720387 {"error":{"code":403,"message":"Compute Engine API has not been used in project 974528720387 before or it is disabled. Enable it by visiting https://console.developers.google.com/apis/api/compute.googleapis.com/overview?project=974528720387 then retry. If you enabled this API recently, wait a few minutes for the action to propagate to our systems and retry.","errors":[{"message":"Compute Engine API has not been used in project 974528720387 before or it is disabled. Enable it by visiting https://console.developers.google.com/apis/api/compute.googleapis.com/overview?project=974528720387 then retry. If you enabled this API recently, wait a few minutes for the action to propagate to our systems and retry.","domain":"usageLimits","reason":"accessNotConfigured","extendedHelp":"https://console.developers.google.com"}],"status":"PERMISSION_DENIED","details":[{"@type":"type.googleapis.com/google.rpc.ErrorInfo","reason":"SERVICE_DISABLED","domain":"googleapis.com","metadata":{"containerInfo":"974528720387","consumer":"projects/974528720387","activationUrl":"https://console.developers.google.com/apis/api/compute.googleapis.com/overview?project=974528720387","service":"compute.googleapis.com","serviceTitle":"Compute Engine API"}},{"@type":"type.googleapis.com/google.rpc.LocalizedMessage","locale":"en-US","message":"Compute Engine API has not been used in project 974528720387 before or it is disabled. Enable it by visiting https://console.developers.google.com/apis/api/compute.googleapis.com/overview?project=974528720387 then retry. If you enabled this API recently, wait a few minutes for the action to propagate to our systems and retry."},{"@type":"type.googleapis.com/google.rpc.Help","links":[{"description":"Google developers console API activation","url":"https://console.developers.google.com/apis/api/compute.googleapis.com/overview?project=974528720387"}]}]}}
[debug] [2026-04-05T15:50:44.727Z] unable to look up default compute service account. Falling back to 974528720387-compute@developer.gserviceaccount.com. Error: {"name":"FirebaseError","children":[],"context":{"body":{"error":{"code":403,"message":"Compute Engine API has not been used in project 974528720387 before or it is disabled. Enable it by visiting https://console.developers.google.com/apis/api/compute.googleapis.com/overview?project=974528720387 then retry. If you enabled this API recently, wait a few minutes for the action to propagate to our systems and retry.","errors":[{"message":"Compute Engine API has not been used in project 974528720387 before or it is disabled. Enable it by visiting https://console.developers.google.com/apis/api/compute.googleapis.com/overview?project=974528720387 then retry. If you enabled this API recently, wait a few minutes for the action to propagate to our systems and retry.","domain":"usageLimits","reason":"accessNotConfigured","extendedHelp":"https://console.developers.google.com"}],"status":"PERMISSION_DENIED","details":[{"@type":"type.googleapis.com/google.rpc.ErrorInfo","reason":"SERVICE_DISABLED","domain":"googleapis.com","metadata":{"containerInfo":"974528720387","consumer":"projects/974528720387","activationUrl":"https://console.developers.google.com/apis/api/compute.googleapis.com/overview?project=974528720387","service":"compute.googleapis.com","serviceTitle":"Compute Engine API"}},{"@type":"type.googleapis.com/google.rpc.LocalizedMessage","locale":"en-US","message":"Compute Engine API has not been used in project 974528720387 before or it is disabled. Enable it by visiting https://console.developers.google.com/apis/api/compute.googleapis.com/overview?project=974528720387 then retry. If you enabled this API recently, wait a few minutes for the action to propagate to our systems and retry."},{"@type":"type.googleapis.com/google.rpc.Help","links":[{"description":"Google developers console API activation","url":"https://console.developers.google.com/apis/api/compute.googleapis.com/overview?project=974528720387"}]}]}},"response":{"statusCode":403}},"exit":1,"message":"Request to https://compute.googleapis.com/compute/v1/projects/974528720387 had HTTP Error: 403, Compute Engine API has not been used in project 974528720387 before or it is disabled. Enable it by visiting https://console.developers.google.com/apis/api/compute.googleapis.com/overview?project=974528720387 then retry. If you enabled this API recently, wait a few minutes for the action to propagate to our systems and retry.","status":403}
[debug] [2026-04-05T15:50:44.727Z] Checked if tokens are valid: true, expires at: 1775405188290
[debug] [2026-04-05T15:50:44.727Z] Checked if tokens are valid: true, expires at: 1775405188290
[debug] [2026-04-05T15:50:44.727Z] >>> [apiv2][query] POST https://cloudresourcemanager.googleapis.com/v1/projects/974528720387:getIamPolicy [none]
[debug] [2026-04-05T15:50:45.697Z] <<< [apiv2][status] POST https://cloudresourcemanager.googleapis.com/v1/projects/974528720387:getIamPolicy 200
[debug] [2026-04-05T15:50:45.697Z] <<< [apiv2][body] POST https://cloudresourcemanager.googleapis.com/v1/projects/974528720387:getIamPolicy {"version":1,"etag":"BwZOuILX39A=","bindings":[{"role":"roles/cloudbuild.builds.builder","members":["serviceAccount:974528720387@cloudbuild.gserviceaccount.com"]},{"role":"roles/cloudbuild.serviceAgent","members":["serviceAccount:service-974528720387@gcp-sa-cloudbuild.iam.gserviceaccount.com"]},{"role":"roles/cloudfunctions.developer","members":["serviceAccount:github-action-840329930@dellauti-5413f.iam.gserviceaccount.com","serviceAccount:github-action-842110650@dellauti-5413f.iam.gserviceaccount.com"]},{"role":"roles/cloudfunctions.serviceAgent","members":["serviceAccount:service-974528720387@gcf-admin-robot.iam.gserviceaccount.com"]},{"role":"roles/containerregistry.ServiceAgent","members":["serviceAccount:service-974528720387@containerregistry.iam.gserviceaccount.com"]},{"role":"roles/editor","members":["serviceAccount:974528720387-compute@developer.gserviceaccount.com","serviceAccount:974528720387@cloudservices.gserviceaccount.com","serviceAccount:dellauti-5413f@appspot.gserviceaccount.com"]},{"role":"roles/firebase.managementServiceAgent","members":["serviceAccount:firebase-service-account@firebase-sa-management.iam.gserviceaccount.com","serviceAccount:service-974528720387@gcp-sa-firebase.iam.gserviceaccount.com"]},{"role":"roles/firebase.sdkAdminServiceAgent","members":["serviceAccount:firebase-adminsdk-5kd1l@dellauti-5413f.iam.gserviceaccount.com"]},{"role":"roles/firebaseauth.admin","members":["serviceAccount:firebase-adminsdk-5kd1l@dellauti-5413f.iam.gserviceaccount.com","serviceAccount:github-action-840329930@dellauti-5413f.iam.gserviceaccount.com","serviceAccount:github-action-842110650@dellauti-5413f.iam.gserviceaccount.com"]},{"role":"roles/firebasehosting.admin","members":["serviceAccount:github-action-840329930@dellauti-5413f.iam.gserviceaccount.com","serviceAccount:github-action-842110650@dellauti-5413f.iam.gserviceaccount.com"]},{"role":"roles/firebasemods.serviceAgent","members":["serviceAccount:service-974528720387@gcp-sa-firebasemods.iam.gserviceaccount.com"]},{"role":"roles/firebaserules.system","members":["serviceAccount:service-974528720387@firebase-rules.iam.gserviceaccount.com"]},{"role":"roles/firebasestorage.serviceAgent","members":["serviceAccount:service-974528720387@gcp-sa-firebasestorage.iam.gserviceaccount.com"]},{"role":"roles/firestore.serviceAgent","members":["serviceAccount:service-974528720387@gcp-sa-firestore.iam.gserviceaccount.com"]},{"role":"roles/iam.serviceAccountTokenCreator","members":["serviceAccount:firebase-adminsdk-5kd1l@dellauti-5413f.iam.gserviceaccount.com"]},{"role":"roles/owner","members":["user:bournotsantino03@gmail.com","user:dellauti009@gmail.com"]},{"role":"roles/run.serviceAgent","members":["serviceAccount:service-974528720387@serverless-robot-prod.iam.gserviceaccount.com"]},{"role":"roles/run.viewer","members":["serviceAccount:github-action-840329930@dellauti-5413f.iam.gserviceaccount.com","serviceAccount:github-action-842110650@dellauti-5413f.iam.gserviceaccount.com"]},{"role":"roles/serviceusage.apiKeysViewer","members":["serviceAccount:github-action-840329930@dellauti-5413f.iam.gserviceaccount.com","serviceAccount:github-action-842110650@dellauti-5413f.iam.gserviceaccount.com"]},{"role":"roles/serviceusage.serviceUsageConsumer","members":["serviceAccount:github-action-840329930@dellauti-5413f.iam.gserviceaccount.com","serviceAccount:github-action-842110650@dellauti-5413f.iam.gserviceaccount.com"]},{"role":"roles/storage.admin","members":["serviceAccount:firebase-adminsdk-5kd1l@dellauti-5413f.iam.gserviceaccount.com"]}]}
[debug] [2026-04-05T15:50:45.698Z] Checked if tokens are valid: true, expires at: 1775405188290
[debug] [2026-04-05T15:50:45.698Z] Checked if tokens are valid: true, expires at: 1775405188290
[debug] [2026-04-05T15:50:45.698Z] >>> [apiv2][query] POST https://cloudresourcemanager.googleapis.com/v1/projects/974528720387:setIamPolicy [none]
[debug] [2026-04-05T15:50:45.698Z] >>> [apiv2][body] POST https://cloudresourcemanager.googleapis.com/v1/projects/974528720387:setIamPolicy {"policy":{"version":1,"etag":"BwZOuILX39A=","bindings":[{"role":"roles/cloudbuild.builds.builder","members":["serviceAccount:974528720387@cloudbuild.gserviceaccount.com"]},{"role":"roles/cloudbuild.serviceAgent","members":["serviceAccount:service-974528720387@gcp-sa-cloudbuild.iam.gserviceaccount.com"]},{"role":"roles/cloudfunctions.developer","members":["serviceAccount:github-action-840329930@dellauti-5413f.iam.gserviceaccount.com","serviceAccount:github-action-842110650@dellauti-5413f.iam.gserviceaccount.com"]},{"role":"roles/cloudfunctions.serviceAgent","members":["serviceAccount:service-974528720387@gcf-admin-robot.iam.gserviceaccount.com"]},{"role":"roles/containerregistry.ServiceAgent","members":["serviceAccount:service-974528720387@containerregistry.iam.gserviceaccount.com"]},{"role":"roles/editor","members":["serviceAccount:974528720387-compute@developer.gserviceaccount.com","serviceAccount:974528720387@cloudservices.gserviceaccount.com","serviceAccount:dellauti-5413f@appspot.gserviceaccount.com"]},{"role":"roles/firebase.managementServiceAgent","members":["serviceAccount:firebase-service-account@firebase-sa-management.iam.gserviceaccount.com","serviceAccount:service-974528720387@gcp-sa-firebase.iam.gserviceaccount.com"]},{"role":"roles/firebase.sdkAdminServiceAgent","members":["serviceAccount:firebase-adminsdk-5kd1l@dellauti-5413f.iam.gserviceaccount.com"]},{"role":"roles/firebaseauth.admin","members":["serviceAccount:firebase-adminsdk-5kd1l@dellauti-5413f.iam.gserviceaccount.com","serviceAccount:github-action-840329930@dellauti-5413f.iam.gserviceaccount.com","serviceAccount:github-action-842110650@dellauti-5413f.iam.gserviceaccount.com"]},{"role":"roles/firebasehosting.admin","members":["serviceAccount:github-action-840329930@dellauti-5413f.iam.gserviceaccount.com","serviceAccount:github-action-842110650@dellauti-5413f.iam.gserviceaccount.com"]},{"role":"roles/firebasemods.serviceAgent","members":["serviceAccount:service-974528720387@gcp-sa-firebasemods.iam.gserviceaccount.com"]},{"role":"roles/firebaserules.system","members":["serviceAccount:service-974528720387@firebase-rules.iam.gserviceaccount.com"]},{"role":"roles/firebasestorage.serviceAgent","members":["serviceAccount:service-974528720387@gcp-sa-firebasestorage.iam.gserviceaccount.com"]},{"role":"roles/firestore.serviceAgent","members":["serviceAccount:service-974528720387@gcp-sa-firestore.iam.gserviceaccount.com"]},{"role":"roles/iam.serviceAccountTokenCreator","members":["serviceAccount:firebase-adminsdk-5kd1l@dellauti-5413f.iam.gserviceaccount.com","serviceAccount:service-974528720387@gcp-sa-pubsub.iam.gserviceaccount.com"]},{"role":"roles/owner","members":["user:bournotsantino03@gmail.com","user:dellauti009@gmail.com"]},{"role":"roles/run.serviceAgent","members":["serviceAccount:service-974528720387@serverless-robot-prod.iam.gserviceaccount.com"]},{"role":"roles/run.viewer","members":["serviceAccount:github-action-840329930@dellauti-5413f.iam.gserviceaccount.com","serviceAccount:github-action-842110650@dellauti-5413f.iam.gserviceaccount.com"]},{"role":"roles/serviceusage.apiKeysViewer","members":["serviceAccount:github-action-840329930@dellauti-5413f.iam.gserviceaccount.com","serviceAccount:github-action-842110650@dellauti-5413f.iam.gserviceaccount.com"]},{"role":"roles/serviceusage.serviceUsageConsumer","members":["serviceAccount:github-action-840329930@dellauti-5413f.iam.gserviceaccount.com","serviceAccount:github-action-842110650@dellauti-5413f.iam.gserviceaccount.com"]},{"role":"roles/storage.admin","members":["serviceAccount:firebase-adminsdk-5kd1l@dellauti-5413f.iam.gserviceaccount.com"]},{"role":"roles/run.invoker","members":["serviceAccount:974528720387-compute@developer.gserviceaccount.com"]},{"role":"roles/eventarc.eventReceiver","members":["serviceAccount:974528720387-compute@developer.gserviceaccount.com"]}]},"updateMask":"bindings"}
[debug] [2026-04-05T15:50:46.702Z] <<< [apiv2][status] POST https://cloudresourcemanager.googleapis.com/v1/projects/974528720387:setIamPolicy 200
[debug] [2026-04-05T15:50:46.702Z] <<< [apiv2][body] POST https://cloudresourcemanager.googleapis.com/v1/projects/974528720387:setIamPolicy {"version":1,"etag":"BwZOuINvMwo=","bindings":[{"role":"roles/cloudbuild.builds.builder","members":["serviceAccount:974528720387@cloudbuild.gserviceaccount.com"]},{"role":"roles/cloudbuild.serviceAgent","members":["serviceAccount:service-974528720387@gcp-sa-cloudbuild.iam.gserviceaccount.com"]},{"role":"roles/cloudfunctions.developer","members":["serviceAccount:github-action-840329930@dellauti-5413f.iam.gserviceaccount.com","serviceAccount:github-action-842110650@dellauti-5413f.iam.gserviceaccount.com"]},{"role":"roles/cloudfunctions.serviceAgent","members":["serviceAccount:service-974528720387@gcf-admin-robot.iam.gserviceaccount.com"]},{"role":"roles/containerregistry.ServiceAgent","members":["serviceAccount:service-974528720387@containerregistry.iam.gserviceaccount.com"]},{"role":"roles/editor","members":["serviceAccount:974528720387-compute@developer.gserviceaccount.com","serviceAccount:974528720387@cloudservices.gserviceaccount.com","serviceAccount:dellauti-5413f@appspot.gserviceaccount.com"]},{"role":"roles/eventarc.eventReceiver","members":["serviceAccount:974528720387-compute@developer.gserviceaccount.com"]},{"role":"roles/firebase.managementServiceAgent","members":["serviceAccount:firebase-service-account@firebase-sa-management.iam.gserviceaccount.com","serviceAccount:service-974528720387@gcp-sa-firebase.iam.gserviceaccount.com"]},{"role":"roles/firebase.sdkAdminServiceAgent","members":["serviceAccount:firebase-adminsdk-5kd1l@dellauti-5413f.iam.gserviceaccount.com"]},{"role":"roles/firebaseauth.admin","members":["serviceAccount:firebase-adminsdk-5kd1l@dellauti-5413f.iam.gserviceaccount.com","serviceAccount:github-action-840329930@dellauti-5413f.iam.gserviceaccount.com","serviceAccount:github-action-842110650@dellauti-5413f.iam.gserviceaccount.com"]},{"role":"roles/firebasehosting.admin","members":["serviceAccount:github-action-840329930@dellauti-5413f.iam.gserviceaccount.com","serviceAccount:github-action-842110650@dellauti-5413f.iam.gserviceaccount.com"]},{"role":"roles/firebasemods.serviceAgent","members":["serviceAccount:service-974528720387@gcp-sa-firebasemods.iam.gserviceaccount.com"]},{"role":"roles/firebaserules.system","members":["serviceAccount:service-974528720387@firebase-rules.iam.gserviceaccount.com"]},{"role":"roles/firebasestorage.serviceAgent","members":["serviceAccount:service-974528720387@gcp-sa-firebasestorage.iam.gserviceaccount.com"]},{"role":"roles/firestore.serviceAgent","members":["serviceAccount:service-974528720387@gcp-sa-firestore.iam.gserviceaccount.com"]},{"role":"roles/iam.serviceAccountTokenCreator","members":["serviceAccount:firebase-adminsdk-5kd1l@dellauti-5413f.iam.gserviceaccount.com","serviceAccount:service-974528720387@gcp-sa-pubsub.iam.gserviceaccount.com"]},{"role":"roles/owner","members":["user:bournotsantino03@gmail.com","user:dellauti009@gmail.com"]},{"role":"roles/run.invoker","members":["serviceAccount:974528720387-compute@developer.gserviceaccount.com"]},{"role":"roles/run.serviceAgent","members":["serviceAccount:service-974528720387@serverless-robot-prod.iam.gserviceaccount.com"]},{"role":"roles/run.viewer","members":["serviceAccount:github-action-840329930@dellauti-5413f.iam.gserviceaccount.com","serviceAccount:github-action-842110650@dellauti-5413f.iam.gserviceaccount.com"]},{"role":"roles/serviceusage.apiKeysViewer","members":["serviceAccount:github-action-840329930@dellauti-5413f.iam.gserviceaccount.com","serviceAccount:github-action-842110650@dellauti-5413f.iam.gserviceaccount.com"]},{"role":"roles/serviceusage.serviceUsageConsumer","members":["serviceAccount:github-action-840329930@dellauti-5413f.iam.gserviceaccount.com","serviceAccount:github-action-842110650@dellauti-5413f.iam.gserviceaccount.com"]},{"role":"roles/storage.admin","members":["serviceAccount:firebase-adminsdk-5kd1l@dellauti-5413f.iam.gserviceaccount.com"]}]}
[debug] [2026-04-05T15:50:46.703Z] Checked if tokens are valid: true, expires at: 1775405188290
[debug] [2026-04-05T15:50:46.703Z] Checked if tokens are valid: true, expires at: 1775405188290
[debug] [2026-04-05T15:50:46.703Z] >>> [apiv2][query] GET https://cloudresourcemanager.googleapis.com/v1/projects/dellauti-5413f [none]
[debug] [2026-04-05T15:50:46.915Z] <<< [apiv2][status] GET https://cloudresourcemanager.googleapis.com/v1/projects/dellauti-5413f 200
[debug] [2026-04-05T15:50:46.915Z] <<< [apiv2][body] GET https://cloudresourcemanager.googleapis.com/v1/projects/dellauti-5413f {"projectNumber":"974528720387","projectId":"dellauti-5413f","lifecycleState":"ACTIVE","name":"DelLauti","labels":{"firebase":"enabled"},"createTime":"2024-08-09T13:09:55.307771Z"}
[debug] [2026-04-05T15:50:46.915Z] Checked if tokens are valid: true, expires at: 1775405188290
[debug] [2026-04-05T15:50:46.915Z] Checked if tokens are valid: true, expires at: 1775405188290
[debug] [2026-04-05T15:50:46.916Z] >>> [apiv2][query] GET https://compute.googleapis.com/compute/v1/projects/974528720387 [none]
[debug] [2026-04-05T15:50:47.184Z] <<< [apiv2][status] GET https://compute.googleapis.com/compute/v1/projects/974528720387 403
[debug] [2026-04-05T15:50:47.184Z] <<< [apiv2][body] GET https://compute.googleapis.com/compute/v1/projects/974528720387 {"error":{"code":403,"message":"Compute Engine API has not been used in project 974528720387 before or it is disabled. Enable it by visiting https://console.developers.google.com/apis/api/compute.googleapis.com/overview?project=974528720387 then retry. If you enabled this API recently, wait a few minutes for the action to propagate to our systems and retry.","errors":[{"message":"Compute Engine API has not been used in project 974528720387 before or it is disabled. Enable it by visiting https://console.developers.google.com/apis/api/compute.googleapis.com/overview?project=974528720387 then retry. If you enabled this API recently, wait a few minutes for the action to propagate to our systems and retry.","domain":"usageLimits","reason":"accessNotConfigured","extendedHelp":"https://console.developers.google.com"}],"status":"PERMISSION_DENIED","details":[{"@type":"type.googleapis.com/google.rpc.ErrorInfo","reason":"SERVICE_DISABLED","domain":"googleapis.com","metadata":{"activationUrl":"https://console.developers.google.com/apis/api/compute.googleapis.com/overview?project=974528720387","service":"compute.googleapis.com","consumer":"projects/974528720387","containerInfo":"974528720387","serviceTitle":"Compute Engine API"}},{"@type":"type.googleapis.com/google.rpc.LocalizedMessage","locale":"en-US","message":"Compute Engine API has not been used in project 974528720387 before or it is disabled. Enable it by visiting https://console.developers.google.com/apis/api/compute.googleapis.com/overview?project=974528720387 then retry. If you enabled this API recently, wait a few minutes for the action to propagate to our systems and retry."},{"@type":"type.googleapis.com/google.rpc.Help","links":[{"description":"Google developers console API activation","url":"https://console.developers.google.com/apis/api/compute.googleapis.com/overview?project=974528720387"}]}]}}
[debug] [2026-04-05T15:50:47.184Z] unable to look up default compute service account. Falling back to 974528720387-compute@developer.gserviceaccount.com. Error: {"name":"FirebaseError","children":[],"context":{"body":{"error":{"code":403,"message":"Compute Engine API has not been used in project 974528720387 before or it is disabled. Enable it by visiting https://console.developers.google.com/apis/api/compute.googleapis.com/overview?project=974528720387 then retry. If you enabled this API recently, wait a few minutes for the action to propagate to our systems and retry.","errors":[{"message":"Compute Engine API has not been used in project 974528720387 before or it is disabled. Enable it by visiting https://console.developers.google.com/apis/api/compute.googleapis.com/overview?project=974528720387 then retry. If you enabled this API recently, wait a few minutes for the action to propagate to our systems and retry.","domain":"usageLimits","reason":"accessNotConfigured","extendedHelp":"https://console.developers.google.com"}],"status":"PERMISSION_DENIED","details":[{"@type":"type.googleapis.com/google.rpc.ErrorInfo","reason":"SERVICE_DISABLED","domain":"googleapis.com","metadata":{"activationUrl":"https://console.developers.google.com/apis/api/compute.googleapis.com/overview?project=974528720387","service":"compute.googleapis.com","consumer":"projects/974528720387","containerInfo":"974528720387","serviceTitle":"Compute Engine API"}},{"@type":"type.googleapis.com/google.rpc.LocalizedMessage","locale":"en-US","message":"Compute Engine API has not been used in project 974528720387 before or it is disabled. Enable it by visiting https://console.developers.google.com/apis/api/compute.googleapis.com/overview?project=974528720387 then retry. If you enabled this API recently, wait a few minutes for the action to propagate to our systems and retry."},{"@type":"type.googleapis.com/google.rpc.Help","links":[{"description":"Google developers console API activation","url":"https://console.developers.google.com/apis/api/compute.googleapis.com/overview?project=974528720387"}]}]}},"response":{"statusCode":403}},"exit":1,"message":"Request to https://compute.googleapis.com/compute/v1/projects/974528720387 had HTTP Error: 403, Compute Engine API has not been used in project 974528720387 before or it is disabled. Enable it by visiting https://console.developers.google.com/apis/api/compute.googleapis.com/overview?project=974528720387 then retry. If you enabled this API recently, wait a few minutes for the action to propagate to our systems and retry.","status":403}
[debug] [2026-04-05T15:50:47.184Z] Checked if tokens are valid: true, expires at: 1775405188290
[debug] [2026-04-05T15:50:47.184Z] Checked if tokens are valid: true, expires at: 1775405188290
[debug] [2026-04-05T15:50:47.185Z] >>> [apiv2][query] GET https://cloudbilling.googleapis.com/v1/projects/dellauti-5413f/billingInfo [none]
[debug] [2026-04-05T15:50:48.323Z] <<< [apiv2][status] GET https://cloudbilling.googleapis.com/v1/projects/dellauti-5413f/billingInfo 200
[debug] [2026-04-05T15:50:48.324Z] <<< [apiv2][body] GET https://cloudbilling.googleapis.com/v1/projects/dellauti-5413f/billingInfo {"name":"projects/dellauti-5413f/billingInfo","projectId":"dellauti-5413f","billingAccountName":"billingAccounts/0165FC-F1C7BE-401341","billingEnabled":true}
[debug] [2026-04-05T15:50:48.324Z] Checked if tokens are valid: true, expires at: 1775405188290
[debug] [2026-04-05T15:50:48.324Z] Checked if tokens are valid: true, expires at: 1775405188290
[debug] [2026-04-05T15:50:48.324Z] >>> [apiv2][query] POST https://cloudfunctions.googleapis.com/v2/projects/dellauti-5413f/locations/southamerica-east1/functions:generateUploadUrl [none]
[debug] [2026-04-05T15:50:50.732Z] <<< [apiv2][status] POST https://cloudfunctions.googleapis.com/v2/projects/dellauti-5413f/locations/southamerica-east1/functions:generateUploadUrl 200
[debug] [2026-04-05T15:50:50.732Z] <<< [apiv2][body] POST https://cloudfunctions.googleapis.com/v2/projects/dellauti-5413f/locations/southamerica-east1/functions:generateUploadUrl {"uploadUrl":"https://storage.googleapis.com/gcf-v2-uploads-974528720387.southamerica-east1.cloudfunctions.appspot.com/6f2bef89-be89-428d-817f-9602c382694a.zip?GoogleAccessId=service-974528720387@gcf-admin-robot.iam.gserviceaccount.com&Expires=1775406050&Signature=CNDFLTk2fEs%2BXaTvogw0Zvyd0HpNOGIWjaItV0W3qpDN10wOa92YrW%2FMySvF3l8g8Nk54GfjXNMoxiPbnwukCUDIl09tPNTPDd%2BI%2BLVEwev4g2y9EfMbdrqjfYH1ydnpbypyIBsyshGX9w%2BmQiHhR%2BPci3yYhwR3aTxxp4DatRBoXb%2FZ%2FYNoF1M9kXlqcoRnswR4%2Fv5jk7msGTR%2FRr%2Bo7o7Fmxix%2BkSvXxWYqerh1nQrWjVKfVDYseJF8MWpp8v4wSrYj55ws88f9WwNQaKOn4LRbUiY%2B0tWrI6R9TuucxfqbQnkVg2xFnk7DyxTviPxZQsDJ%2F5eqMW1e3s8Ay06dw%3D%3D","storageSource":{"bucket":"gcf-v2-uploads-974528720387.southamerica-east1.cloudfunctions.appspot.com","object":"6f2bef89-be89-428d-817f-9602c382694a.zip"}}
[debug] [2026-04-05T15:50:50.733Z] >>> [apiv2][query] PUT https://storage.googleapis.com/gcf-v2-uploads-974528720387.southamerica-east1.cloudfunctions.appspot.com/6f2bef89-be89-428d-817f-9602c382694a.zip GoogleAccessId=service-974528720387%40gcf-admin-robot.iam.gserviceaccount.com&Expires=1775406050&Signature=CNDFLTk2fEs%2BXaTvogw0Zvyd0HpNOGIWjaItV0W3qpDN10wOa92YrW%2FMySvF3l8g8Nk54GfjXNMoxiPbnwukCUDIl09tPNTPDd%2BI%2BLVEwev4g2y9EfMbdrqjfYH1ydnpbypyIBsyshGX9w%2BmQiHhR%2BPci3yYhwR3aTxxp4DatRBoXb%2FZ%2FYNoF1M9kXlqcoRnswR4%2Fv5jk7msGTR%2FRr%2Bo7o7Fmxix%2BkSvXxWYqerh1nQrWjVKfVDYseJF8MWpp8v4wSrYj55ws88f9WwNQaKOn4LRbUiY%2B0tWrI6R9TuucxfqbQnkVg2xFnk7DyxTviPxZQsDJ%2F5eqMW1e3s8Ay06dw%3D%3D
[debug] [2026-04-05T15:50:50.733Z] >>> [apiv2][body] PUT https://storage.googleapis.com/gcf-v2-uploads-974528720387.southamerica-east1.cloudfunctions.appspot.com/6f2bef89-be89-428d-817f-9602c382694a.zip [stream]
[debug] [2026-04-05T15:50:51.246Z] <<< [apiv2][status] PUT https://storage.googleapis.com/gcf-v2-uploads-974528720387.southamerica-east1.cloudfunctions.appspot.com/6f2bef89-be89-428d-817f-9602c382694a.zip 200
[debug] [2026-04-05T15:50:51.246Z] <<< [apiv2][body] PUT https://storage.googleapis.com/gcf-v2-uploads-974528720387.southamerica-east1.cloudfunctions.appspot.com/6f2bef89-be89-428d-817f-9602c382694a.zip [omitted]
[info] +  functions: functions source uploaded successfully 
[info] i  functions: creating Node.js 20 (2nd Gen) function sendAdminPushOnShiftBooked(southamerica-east1)... 
[debug] [2026-04-05T15:50:51.248Z] Checked if tokens are valid: true, expires at: 1775405188290
[debug] [2026-04-05T15:50:51.248Z] Checked if tokens are valid: true, expires at: 1775405188290
[debug] [2026-04-05T15:50:51.248Z] >>> [apiv2][query] POST https://cloudfunctions.googleapis.com/v2/projects/dellauti-5413f/locations/southamerica-east1/functions functionId=sendAdminPushOnShiftBooked
[debug] [2026-04-05T15:50:51.248Z] >>> [apiv2][body] POST https://cloudfunctions.googleapis.com/v2/projects/dellauti-5413f/locations/southamerica-east1/functions {"name":"projects/dellauti-5413f/locations/southamerica-east1/functions/sendAdminPushOnShiftBooked","buildConfig":{"runtime":"nodejs20","entryPoint":"sendAdminPushOnShiftBooked","source":{"storageSource":{"bucket":"gcf-v2-uploads-974528720387.southamerica-east1.cloudfunctions.appspot.com","object":"6f2bef89-be89-428d-817f-9602c382694a.zip"}},"environmentVariables":{"GOOGLE_NODE_RUN_SCRIPTS":""}},"serviceConfig":{"environmentVariables":{"FIREBASE_CONFIG":"{\"projectId\":\"dellauti-5413f\",\"storageBucket\":\"dellauti-5413f.appspot.com\",\"locationId\":\"southamerica-east1\"}","GCLOUD_PROJECT":"dellauti-5413f","EVENTARC_CLOUD_EVENT_SOURCE":"projects/dellauti-5413f/locations/southamerica-east1/services/sendAdminPushOnShiftBooked","FUNCTION_SIGNATURE_TYPE":"cloudevent","FUNCTION_TARGET":"sendAdminPushOnShiftBooked","LOG_EXECUTION_ID":"true"},"ingressSettings":null,"timeoutSeconds":null,"serviceAccountEmail":null,"availableMemory":"256Mi","minInstanceCount":null,"maxInstanceCount":10,"maxInstanceRequestConcurrency":80,"availableCpu":"1","vpcConnector":null,"vpcConnectorEgressSettings":null,"directVpcNetworkInterface":null,"directVpcEgress":null},"labels":{"deployment-tool":"cli-firebase","firebase-functions-hash":"85f2e6f49a727bd89f473e4495d4565c323c7786"},"eventTrigger":{"eventType":"google.cloud.firestore.document.v1.created","retryPolicy":"RETRY_POLICY_DO_NOT_RETRY","eventFilters":[{"attribute":"database","value":"(default)"},{"attribute":"namespace","value":"(default)"},{"attribute":"document","value":"adminNotifications/{notificationId}","operator":"match-path-pattern"}],"triggerRegion":"southamerica-east1"}}
[debug] [2026-04-05T15:51:09.200Z] <<< [apiv2][status] POST https://cloudfunctions.googleapis.com/v2/projects/dellauti-5413f/locations/southamerica-east1/functions 400
[debug] [2026-04-05T15:51:09.200Z] <<< [apiv2][body] POST https://cloudfunctions.googleapis.com/v2/projects/dellauti-5413f/locations/southamerica-east1/functions {"error":{"code":400,"message":"Validation failed for trigger projects/dellauti-5413f/locations/southamerica-east1/triggers/sendadminpushonshiftbooked-677536: Invalid resource state for \"\": Permission denied while using the Eventarc Service Agent. If you recently started to use Eventarc, it may take a few minutes before all necessary permissions are propagated to the Service Agent. Otherwise, verify that it has Eventarc Service Agent role.","status":"FAILED_PRECONDITION"}}
[warn] !  functions: Request to https://cloudfunctions.googleapis.com/v2/projects/dellauti-5413f/locations/southamerica-east1/functions?functionId=sendAdminPushOnShiftBooked had HTTP Error: 400, Validation failed for trigger projects/dellauti-5413f/locations/southamerica-east1/triggers/sendadminpushonshiftbooked-677536: Invalid resource state for "": Permission denied while using the Eventarc Service Agent. If you recently started to use Eventarc, it may take a few minutes before all necessary permissions are propagated to the Service Agent. Otherwise, verify that it has Eventarc Service Agent role. 
[warn] !  functions: Since this is your first time using 2nd gen functions, we need a little bit longer to finish setting everything up. Retry the deployment in a few minutes. 
[warn] !  functions:  failed to create function projects/dellauti-5413f/locations/southamerica-east1/functions/sendAdminPushOnShiftBooked 
[error] Failed to create function projects/dellauti-5413f/locations/southamerica-east1/functions/sendAdminPushOnShiftBooked
[debug] [2026-04-05T15:51:09.204Z] Total Function Deployment time: 17954
[debug] [2026-04-05T15:51:09.204Z] 1 Functions Deployed
[debug] [2026-04-05T15:51:09.204Z] 1 Functions Errored
[debug] [2026-04-05T15:51:09.204Z] 0 Function Deployments Aborted
[debug] [2026-04-05T15:51:09.204Z] Average Function Deployment time: 17953
[info] 
[info] Functions deploy had errors with the following functions:
	sendAdminPushOnShiftBooked(southamerica-east1)
[debug] [2026-04-05T15:51:09.317Z] Checked if tokens are valid: true, expires at: 1775405188290
[debug] [2026-04-05T15:51:09.317Z] Checked if tokens are valid: true, expires at: 1775405188290
[debug] [2026-04-05T15:51:09.317Z] >>> [apiv2][query] GET https://artifactregistry.googleapis.com/v1/projects/dellauti-5413f/locations/southamerica-east1/repositories/gcf-artifacts [none]
[debug] [2026-04-05T15:51:09.867Z] <<< [apiv2][status] GET https://artifactregistry.googleapis.com/v1/projects/dellauti-5413f/locations/southamerica-east1/repositories/gcf-artifacts 404
[debug] [2026-04-05T15:51:09.867Z] <<< [apiv2][body] GET https://artifactregistry.googleapis.com/v1/projects/dellauti-5413f/locations/southamerica-east1/repositories/gcf-artifacts {"error":{"code":404,"message":"Requested entity was not found.","status":"NOT_FOUND"}}
[debug] [2026-04-05T15:51:09.867Z] Failed to check artifact cleanup policy for region southamerica-east1: Request to https://artifactregistry.googleapis.com/v1/projects/dellauti-5413f/locations/southamerica-east1/repositories/gcf-artifacts had HTTP Error: 404, Requested entity was not found. {"name":"FirebaseError","children":[],"context":{"body":{"error":{"code":404,"message":"Requested entity was not found.","status":"NOT_FOUND"}},"response":{"statusCode":404}},"exit":1,"message":"Request to https://artifactregistry.googleapis.com/v1/projects/dellauti-5413f/locations/southamerica-east1/repositories/gcf-artifacts had HTTP Error: 404, Requested entity was not found.","status":404}
[debug] [2026-04-05T15:51:09.868Z] Functions deploy failed.
[debug] [2026-04-05T15:51:09.868Z] {
  "endpoint": {
    "id": "sendAdminPushOnShiftBooked",
    "project": "dellauti-5413f",
    "region": "southamerica-east1",
    "entryPoint": "sendAdminPushOnShiftBooked",
    "platform": "gcfv2",
    "runtime": "nodejs20",
    "eventTrigger": {
      "eventType": "google.cloud.firestore.document.v1.created",
      "retry": false,
      "eventFilters": {
        "database": "(default)",
        "namespace": "(default)"
      },
      "eventFilterPathPatterns": {
        "document": "adminNotifications/{notificationId}"
      },
      "region": "southamerica-east1"
    },
    "labels": {
      "deployment-tool": "cli-firebase"
    },
    "serviceAccount": null,
    "ingressSettings": null,
    "availableMemoryMb": null,
    "timeoutSeconds": null,
    "maxInstances": 10,
    "minInstances": null,
    "concurrency": 80,
    "vpc": null,
    "environmentVariables": {
      "FIREBASE_CONFIG": "{\"projectId\":\"dellauti-5413f\",\"storageBucket\":\"dellauti-5413f.appspot.com\",\"locationId\":\"southamerica-east1\"}",
      "GCLOUD_PROJECT": "dellauti-5413f",
      "EVENTARC_CLOUD_EVENT_SOURCE": "projects/dellauti-5413f/locations/southamerica-east1/services/sendAdminPushOnShiftBooked"
    },
    "codebase": "default",
    "cpu": 1,
    "targetedByOnly": false,
    "hash": "85f2e6f49a727bd89f473e4495d4565c323c7786"
  },
  "op": "create",
  "original": {
    "name": "FirebaseError",
    "children": [],
    "context": {
      "function": "projects/dellauti-5413f/locations/southamerica-east1/functions/sendAdminPushOnShiftBooked"
    },
    "exit": 1,
    "message": "Failed to create function projects/dellauti-5413f/locations/southamerica-east1/functions/sendAdminPushOnShiftBooked",
    "original": {
      "name": "FirebaseError",
      "children": [],
      "context": {
        "body": {
          "error": {
            "code": 400,
            "message": "Validation failed for trigger projects/dellauti-5413f/locations/southamerica-east1/triggers/sendadminpushonshiftbooked-677536: Invalid resource state for \"\": Permission denied while using the Eventarc Service Agent. If you recently started to use Eventarc, it may take a few minutes before all necessary permissions are propagated to the Service Agent. Otherwise, verify that it has Eventarc Service Agent role.",
            "status": "FAILED_PRECONDITION"
          }
        },
        "response": {
          "statusCode": 400
        }
      },
      "exit": 1,
      "message": "Request to https://cloudfunctions.googleapis.com/v2/projects/dellauti-5413f/locations/southamerica-east1/functions?functionId=sendAdminPushOnShiftBooked had HTTP Error: 400, Validation failed for trigger projects/dellauti-5413f/locations/southamerica-east1/triggers/sendadminpushonshiftbooked-677536: Invalid resource state for \"\": Permission denied while using the Eventarc Service Agent. If you recently started to use Eventarc, it may take a few minutes before all necessary permissions are propagated to the Service Agent. Otherwise, verify that it has Eventarc Service Agent role.",
      "status": 400
    },
    "status": 400,
    "code": 400
  }
}
[debug] [2026-04-05T15:51:09.915Z] Error: Failed to create function sendAdminPushOnShiftBooked in region southamerica-east1
    at C:\Users\Kanky\AppData\Local\nvm\v22.14.0\node_modules\firebase-tools\lib\deploy\functions\release\fabricator.js:318:27
    at process.processTicksAndRejections (node:internal/process/task_queues:105:5)
    at async Fabricator.createV2Function (C:\Users\Kanky\AppData\Local\nvm\v22.14.0\node_modules\firebase-tools\lib\deploy\functions\release\fabricator.js:297:30)
    at async Fabricator.createEndpoint (C:\Users\Kanky\AppData\Local\nvm\v22.14.0\node_modules\firebase-tools\lib\deploy\functions\release\fabricator.js:139:13)
    at async handle (C:\Users\Kanky\AppData\Local\nvm\v22.14.0\node_modules\firebase-tools\lib\deploy\functions\release\fabricator.js:91:17)
[error] 
[error] Error: There was an error deploying functions
